Started GET "/" for 127.0.0.1 at 2018-08-17 11:48:15 +0500
  
ActiveRecord::PendingMigrationError (

Migrations are pending. To resolve this issue, run:

        bin/rails db:migrate RAILS_ENV=development

):
  
activerecord (5.1.6) lib/active_record/migration.rb:576:in `check_pending!'
activerecord (5.1.6) lib/active_record/migration.rb:553:in `call'
actionpack (5.1.6) lib/action_dispatch/middleware/callbacks.rb:26:in `block in call'
activesupport (5.1.6) lib/active_support/callbacks.rb:97:in `run_callbacks'
actionpack (5.1.6) lib/action_dispatch/middleware/callbacks.rb:24:in `call'
actionpack (5.1.6) lib/action_dispatch/middleware/executor.rb:12:in `call'
actionpack (5.1.6) lib/action_dispatch/middleware/debug_exceptions.rb:59:in `call'
web-console (3.6.2) lib/web_console/middleware.rb:135:in `call_app'
web-console (3.6.2) lib/web_console/middleware.rb:30:in `block in call'
web-console (3.6.2) lib/web_console/middleware.rb:20:in `catch'
web-console (3.6.2) lib/web_console/middleware.rb:20:in `call'
actionpack (5.1.6) lib/action_dispatch/middleware/show_exceptions.rb:31:in `call'
railties (5.1.6) lib/rails/rack/logger.rb:36:in `call_app'
railties (5.1.6) lib/rails/rack/logger.rb:24:in `block in call'
activesupport (5.1.6) lib/active_support/tagged_logging.rb:69:in `block in tagged'
activesupport (5.1.6) lib/active_support/tagged_logging.rb:26:in `tagged'
activesupport (5.1.6) lib/active_support/tagged_logging.rb:69:in `tagged'
railties (5.1.6) lib/rails/rack/logger.rb:24:in `call'
sprockets-rails (3.2.1) lib/sprockets/rails/quiet_assets.rb:13:in `call'
actionpack (5.1.6) lib/action_dispatch/middleware/remote_ip.rb:79:in `call'
actionpack (5.1.6) lib/action_dispatch/middleware/request_id.rb:25:in `call'
rack (2.0.5) lib/rack/method_override.rb:22:in `call'
rack (2.0.5) lib/rack/runtime.rb:22:in `call'
activesupport (5.1.6) lib/active_support/cache/strategy/local_cache_middleware.rb:27:in `call'
actionpack (5.1.6) lib/action_dispatch/middleware/executor.rb:12:in `call'
actionpack (5.1.6) lib/action_dispatch/middleware/static.rb:125:in `call'
rack (2.0.5) lib/rack/sendfile.rb:111:in `call'
railties (5.1.6) lib/rails/engine.rb:522:in `call'
puma (3.12.0) lib/puma/configuration.rb:225:in `call'
puma (3.12.0) lib/puma/server.rb:658:in `handle_request'
puma (3.12.0) lib/puma/server.rb:472:in `process_client'
puma (3.12.0) lib/puma/server.rb:332:in `block in run'
puma (3.12.0) lib/puma/thread_pool.rb:133:in `block in spawn_thread'
  [1m[35m (0.0ms)[0m  [1m[34mSELECT sqlite_version(*)[0m
  [1m[35m (94.0ms)[0m  [1m[35mCREATE TABLE "schema_migrations" ("version" varchar NOT NULL PRIMARY KEY)[0m
  [1m[35m (78.0ms)[0m  [1m[35mCREATE TABLE "ar_internal_metadata" ("key" varchar NOT NULL PRIMARY KEY, "value" varchar, "created_at" datetime NOT NULL, "updated_at" datetime NOT NULL)[0m
  [1m[35m (0.0ms)[0m  [1m[34mSELECT "schema_migrations"."version" FROM "schema_migrations" ORDER BY "schema_migrations"."version" ASC[0m
Migrating to CreatePosts (20180816171357)
  [1m[35m (0.0ms)[0m  [1m[36mbegin transaction[0m
  [1m[35m (1.0ms)[0m  [1m[35mCREATE TABLE "posts" ("id" INTEGER PRIMARY KEY AUTOINCREMENT NOT NULL, "title" varchar, "summary" text, "body" text, "created_at" datetime NOT NULL, "updated_at" datetime NOT NULL)[0m
  [1m[35mSQL (0.0ms)[0m  [1m[32mINSERT INTO "schema_migrations" ("version") VALUES (?)[0m  [["version", "20180816171357"]]
  [1m[35m (90.0ms)[0m  [1m[36mcommit transaction[0m
  [1m[36mActiveRecord::InternalMetadata Load (1.0ms)[0m  [1m[34mSELECT  "ar_internal_metadata".* FROM "ar_internal_metadata" WHERE "ar_internal_metadata"."key" = ? LIMIT ?[0m  [["key", "environment"], ["LIMIT", 1]]
  [1m[35m (0.0ms)[0m  [1m[36mbegin transaction[0m
  [1m[35mSQL (1.0ms)[0m  [1m[32mINSERT INTO "ar_internal_metadata" ("key", "value", "created_at", "updated_at") VALUES (?, ?, ?, ?)[0m  [["key", "environment"], ["value", "development"], ["created_at", "2018-08-17 06:49:27.362155"], ["updated_at", "2018-08-17 06:49:27.362155"]]
  [1m[35m (87.0ms)[0m  [1m[36mcommit transaction[0m
  [1m[35m (0.0ms)[0m  [1m[34mSELECT "schema_migrations"."version" FROM "schema_migrations" ORDER BY "schema_migrations"."version" ASC[0m
Started GET "/" for 127.0.0.1 at 2018-08-17 11:49:38 +0500
  [1m[35m (1.0ms)[0m  [1m[34mSELECT "schema_migrations"."version" FROM "schema_migrations" ORDER BY "schema_migrations"."version" ASC[0m
Processing by PostsController#index as HTML
  Rendering posts/index.html.erb within layouts/application
  [1m[36mPost Load (1.0ms)[0m  [1m[34mSELECT "posts".* FROM "posts"[0m
  Rendered collection of templates [0 times] (0.0ms)
  Rendered posts/index.html.erb within layouts/application (4.0ms)
Completed 200 OK in 10771ms (Views: 10745.3ms | ActiveRecord: 1.0ms)


Started GET "/" for 127.0.0.1 at 2018-08-17 11:52:09 +0500
  [1m[35m (0.0ms)[0m  [1m[34mSELECT "schema_migrations"."version" FROM "schema_migrations" ORDER BY "schema_migrations"."version" ASC[0m
Processing by PostsController#index as HTML
  Rendering posts/index.html.erb within layouts/application
  [1m[36mPost Load (0.0ms)[0m  [1m[34mSELECT "posts".* FROM "posts"[0m
  Rendered collection of templates [0 times] (0.0ms)
  Rendered posts/index.html.erb within layouts/application (4.0ms)
Completed 200 OK in 675ms (Views: 650.6ms | ActiveRecord: 0.0ms)


Started GET "/" for 127.0.0.1 at 2018-08-17 11:52:21 +0500
Started GET "/" for 127.0.0.1 at 2018-08-17 11:52:21 +0500
Processing by PostsController#index as HTML
Processing by PostsController#index as HTML
  Rendering posts/index.html.erb within layouts/application
  Rendering posts/index.html.erb within layouts/application
  [1m[36mPost Load (0.0ms)[0m  [1m[34mSELECT "posts".* FROM "posts"[0m
  [1m[36mPost Load (0.0ms)[0m  [1m[34mSELECT "posts".* FROM "posts"[0m
  Rendered collection of templates [0 times] (0.0ms)
  Rendered collection of templates [0 times] (0.0ms)
  Rendered posts/index.html.erb within layouts/application (4.0ms)
  Rendered posts/index.html.erb within layouts/application (2.0ms)
Completed 500 Internal Server Error in 230ms (ActiveRecord: 1.0ms)


  
ActionView::Template::Error (can't add a new key into hash during iteration):
    4:         <title>Blog</title>
    5:         <%= csrf_meta_tags %>
    6: 
    7:         <%= stylesheet_link_tag    'application', media: 'all', 'data-turbolinks-track': 'reload' %>
    8:         <%= javascript_include_tag 'application', 'data-turbolinks-track': 'reload' %>
    9:     </head>
   10: 
  
app/views/layouts/application.html.erb:7:in `_app_views_layouts_application_html_erb__412158293_78142848'
Completed 200 OK in 419ms (Views: 396.8ms | ActiveRecord: 0.0ms)


Started GET "/posts" for 127.0.0.1 at 2018-08-17 11:52:24 +0500
Processing by PostsController#index as HTML
  Rendering posts/index.html.erb within layouts/application
  [1m[36mPost Load (0.0ms)[0m  [1m[34mSELECT "posts".* FROM "posts"[0m
  Rendered collection of templates [0 times] (0.0ms)
  Rendered posts/index.html.erb within layouts/application (19.0ms)
Completed 200 OK in 571ms (Views: 545.5ms | ActiveRecord: 0.0ms)


Started GET "/posts/new" for 127.0.0.1 at 2018-08-17 11:52:26 +0500
Processing by PostsController#new as HTML
  Rendering posts/new.html.erb within layouts/application
  Rendered posts/_form.html.erb (16.0ms)
  Rendered posts/new.html.erb within layouts/application (26.0ms)
Completed 200 OK in 218ms (Views: 200.0ms | ActiveRecord: 1.0ms)


Started POST "/posts" for 127.0.0.1 at 2018-08-17 11:52:31 +0500
Processing by PostsController#create as HTML
  Parameters: {"utf8"=>"✓", "authenticity_token"=>"Ma6T2QMDVnMbymgRlxJbA1frHMrEQSnFvn1DuUXZHRhHgmu2qlN2ahtYlKezawkriqeLViOksuxzySeFOpaNpQ==", "post"=>{"title"=>"Hekko", "summary"=>"q132retrt", "body"=>""}, "commit"=>"Save"}
  [1m[35m (0.0ms)[0m  [1m[36mbegin transaction[0m
  [1m[35mSQL (1.0ms)[0m  [1m[32mINSERT INTO "posts" ("title", "summary", "body", "created_at", "updated_at") VALUES (?, ?, ?, ?, ?)[0m  [["title", "Hekko"], ["summary", "q132retrt"], ["body", ""], ["created_at", "2018-08-17 06:52:31.622695"], ["updated_at", "2018-08-17 06:52:31.622695"]]
  [1m[35m (174.0ms)[0m  [1m[36mcommit transaction[0m
Redirected to http://localhost:3000/posts/1
Completed 302 Found in 180ms (ActiveRecord: 175.0ms)


Started GET "/posts/1" for 127.0.0.1 at 2018-08-17 11:52:31 +0500
Processing by PostsController#show as HTML
  Parameters: {"id"=>"1"}
  [1m[36mPost Load (0.0ms)[0m  [1m[34mSELECT  "posts".* FROM "posts" WHERE "posts"."id" = ? LIMIT ?[0m  [["id", 1], ["LIMIT", 1]]
  Rendering posts/show.html.erb within layouts/application
  Rendered posts/show.html.erb within layouts/application (1.0ms)
Completed 200 OK in 216ms (Views: 200.3ms | ActiveRecord: 0.0ms)


Started GET "/posts/1/edit" for 127.0.0.1 at 2018-08-17 11:52:34 +0500
Processing by PostsController#edit as HTML
  Parameters: {"id"=>"1"}
  [1m[36mPost Load (0.0ms)[0m  [1m[34mSELECT  "posts".* FROM "posts" WHERE "posts"."id" = ? LIMIT ?[0m  [["id", 1], ["LIMIT", 1]]
  Rendering posts/edit.html.erb within layouts/application
  Rendered posts/_form.html.erb (2.0ms)
  Rendered posts/edit.html.erb within layouts/application (12.0ms)
Completed 200 OK in 223ms (Views: 202.0ms | ActiveRecord: 0.0ms)


Started PATCH "/posts/1" for 127.0.0.1 at 2018-08-17 11:52:36 +0500
Processing by PostsController#update as HTML
  Parameters: {"utf8"=>"✓", "authenticity_token"=>"DCMnvTFw6FXnxnBDaSejiNVyHrx4LQeG1Pl61rs6zqpVM2sU7TzG/M6WJdk2v2qS64QV0xs01sTUho4np27Jlg==", "post"=>{"title"=>"Hekko", "summary"=>"q132retrt", "body"=>"44554"}, "commit"=>"Save", "id"=>"1"}
  [1m[36mPost Load (0.0ms)[0m  [1m[34mSELECT  "posts".* FROM "posts" WHERE "posts"."id" = ? LIMIT ?[0m  [["id", 1], ["LIMIT", 1]]
  [1m[35m (0.0ms)[0m  [1m[36mbegin transaction[0m
  [1m[35mSQL (1.0ms)[0m  [1m[33mUPDATE "posts" SET "body" = ?, "updated_at" = ? WHERE "posts"."id" = ?[0m  [["body", "44554"], ["updated_at", "2018-08-17 06:52:36.438970"], ["id", 1]]
  [1m[35m (101.0ms)[0m  [1m[36mcommit transaction[0m
Redirected to http://localhost:3000/posts/1
Completed 302 Found in 109ms (ActiveRecord: 102.0ms)


Started GET "/posts/1" for 127.0.0.1 at 2018-08-17 11:52:36 +0500
Processing by PostsController#show as HTML
  Parameters: {"id"=>"1"}
  [1m[36mPost Load (0.0ms)[0m  [1m[34mSELECT  "posts".* FROM "posts" WHERE "posts"."id" = ? LIMIT ?[0m  [["id", 1], ["LIMIT", 1]]
  Rendering posts/show.html.erb within layouts/application
  Rendered posts/show.html.erb within layouts/application (1.0ms)
Completed 200 OK in 187ms (Views: 176.1ms | ActiveRecord: 0.0ms)


Started GET "/posts" for 127.0.0.1 at 2018-08-17 11:52:38 +0500
Processing by PostsController#index as HTML
  Rendering posts/index.html.erb within layouts/application
  [1m[36mPost Load (0.0ms)[0m  [1m[34mSELECT "posts".* FROM "posts"[0m
  Rendered collection of posts/_post.html.erb [1 times] (0.0ms)
  Rendered posts/index.html.erb within layouts/application (12.0ms)
Completed 200 OK in 195ms (Views: 186.1ms | ActiveRecord: 0.0ms)


Started GET "/" for 127.0.0.1 at 2018-08-17 11:52:39 +0500
Processing by PostsController#index as HTML
  Rendering posts/index.html.erb within layouts/application
  [1m[36mPost Load (0.0ms)[0m  [1m[34mSELECT "posts".* FROM "posts"[0m
  Rendered collection of posts/_post.html.erb [1 times] (1.0ms)
  Rendered posts/index.html.erb within layouts/application (11.0ms)
Completed 200 OK in 185ms (Views: 174.6ms | ActiveRecord: 0.0ms)


Started GET "/posts" for 127.0.0.1 at 2018-08-17 11:52:39 +0500
Processing by PostsController#index as HTML
  Rendering posts/index.html.erb within layouts/application
  [1m[36mPost Load (0.0ms)[0m  [1m[34mSELECT "posts".* FROM "posts"[0m
  Rendered collection of posts/_post.html.erb [1 times] (0.0ms)
  Rendered posts/index.html.erb within layouts/application (12.0ms)
Completed 200 OK in 203ms (Views: 193.4ms | ActiveRecord: 0.0ms)


Started GET "/posts/new" for 127.0.0.1 at 2018-08-17 11:52:40 +0500
Processing by PostsController#new as HTML
  Rendering posts/new.html.erb within layouts/application
  Rendered posts/_form.html.erb (2.0ms)
  Rendered posts/new.html.erb within layouts/application (12.0ms)
Completed 200 OK in 195ms (Views: 185.1ms | ActiveRecord: 0.0ms)


Started GET "/posts" for 127.0.0.1 at 2018-08-17 11:52:41 +0500
Processing by PostsController#index as HTML
  Rendering posts/index.html.erb within layouts/application
  [1m[36mPost Load (0.0ms)[0m  [1m[34mSELECT "posts".* FROM "posts"[0m
  Rendered collection of posts/_post.html.erb [1 times] (1.0ms)
  Rendered posts/index.html.erb within layouts/application (11.0ms)
Completed 200 OK in 201ms (Views: 190.9ms | ActiveRecord: 0.0ms)


Started GET "/" for 127.0.0.1 at 2018-08-17 11:52:41 +0500
Processing by PostsController#index as HTML
  Rendering posts/index.html.erb within layouts/application
  [1m[36mPost Load (0.0ms)[0m  [1m[34mSELECT "posts".* FROM "posts"[0m
  Rendered collection of posts/_post.html.erb [1 times] (0.0ms)
  Rendered posts/index.html.erb within layouts/application (12.0ms)
Completed 200 OK in 199ms (Views: 188.4ms | ActiveRecord: 0.0ms)


Started GET "/posts" for 127.0.0.1 at 2018-08-17 11:52:42 +0500
Processing by PostsController#index as HTML
  Rendering posts/index.html.erb within layouts/application
  [1m[36mPost Load (0.0ms)[0m  [1m[34mSELECT "posts".* FROM "posts"[0m
  Rendered collection of posts/_post.html.erb [1 times] (1.0ms)
  Rendered posts/index.html.erb within layouts/application (14.0ms)
Completed 200 OK in 198ms (Views: 186.5ms | ActiveRecord: 0.0ms)


Started GET "/posts/new" for 127.0.0.1 at 2018-08-17 11:52:42 +0500
Processing by PostsController#new as HTML
  Rendering posts/new.html.erb within layouts/application
  Rendered posts/_form.html.erb (2.0ms)
  Rendered posts/new.html.erb within layouts/application (11.0ms)
Completed 200 OK in 200ms (Views: 189.6ms | ActiveRecord: 0.0ms)


Started POST "/posts" for 127.0.0.1 at 2018-08-17 11:52:47 +0500
Processing by PostsController#create as HTML
  Parameters: {"utf8"=>"✓", "authenticity_token"=>"1XvqLKH2Ra1NzbLq5MKQMeZkr5M7/qK+gC3uXUN0/8qjVxJDCKZltE1fTlzAu8IZOyg4D9wbOZdNmYphPDtvdw==", "post"=>{"title"=>"rrraaak", "summary"=>"y45", "body"=>"45yy45y45y45"}, "commit"=>"Save"}
  [1m[35m (0.0ms)[0m  [1m[36mbegin transaction[0m
  [1m[35mSQL (1.0ms)[0m  [1m[32mINSERT INTO "posts" ("title", "summary", "body", "created_at", "updated_at") VALUES (?, ?, ?, ?, ?)[0m  [["title", "rrraaak"], ["summary", "y45"], ["body", "45yy45y45y45"], ["created_at", "2018-08-17 06:52:48.007632"], ["updated_at", "2018-08-17 06:52:48.007632"]]
  [1m[35m (168.0ms)[0m  [1m[36mcommit transaction[0m
Redirected to http://localhost:3000/posts/2
Completed 302 Found in 172ms (ActiveRecord: 169.0ms)


Started GET "/posts/2" for 127.0.0.1 at 2018-08-17 11:52:48 +0500
Processing by PostsController#show as HTML
  Parameters: {"id"=>"2"}
  [1m[36mPost Load (1.0ms)[0m  [1m[34mSELECT  "posts".* FROM "posts" WHERE "posts"."id" = ? LIMIT ?[0m  [["id", 2], ["LIMIT", 1]]
  Rendering posts/show.html.erb within layouts/application
  Rendered posts/show.html.erb within layouts/application (0.0ms)
Completed 200 OK in 186ms (Views: 175.6ms | ActiveRecord: 1.0ms)


Started GET "/" for 127.0.0.1 at 2018-08-17 11:52:49 +0500
Processing by PostsController#index as HTML
  Rendering posts/index.html.erb within layouts/application
  [1m[36mPost Load (0.0ms)[0m  [1m[34mSELECT "posts".* FROM "posts"[0m
  Rendered collection of posts/_post.html.erb [2 times] (1.0ms)
  Rendered posts/index.html.erb within layouts/application (11.0ms)
Completed 200 OK in 188ms (Views: 178.4ms | ActiveRecord: 0.0ms)


Started GET "/" for 127.0.0.1 at 2018-08-17 12:08:34 +0500
  [1m[35m (0.0ms)[0m  [1m[34mSELECT "schema_migrations"."version" FROM "schema_migrations" ORDER BY "schema_migrations"."version" ASC[0m
Processing by PostsController#index as HTML
  Rendering posts/index.html.erb within layouts/application
  [1m[36mPost Load (0.0ms)[0m  [1m[34mSELECT "posts".* FROM "posts"[0m
  Rendered collection of posts/_post.html.erb [2 times] (1.0ms)
  Rendered posts/index.html.erb within layouts/application (26.0ms)
Completed 200 OK in 675ms (Views: 653.4ms | ActiveRecord: 0.0ms)


Started GET "/posts" for 127.0.0.1 at 2018-08-17 12:11:51 +0500
  [1m[35m (0.0ms)[0m  [1m[34mSELECT "schema_migrations"."version" FROM "schema_migrations" ORDER BY "schema_migrations"."version" ASC[0m
Processing by PostsController#index as HTML
  Rendering posts/index.html.erb within layouts/application
  [1m[36mPost Load (0.0ms)[0m  [1m[34mSELECT "posts".* FROM "posts"[0m
  Rendered collection of posts/_post.html.erb [2 times] (0.0ms)
  Rendered posts/index.html.erb within layouts/application (22.0ms)
Completed 200 OK in 695ms (Views: 671.3ms | ActiveRecord: 1.0ms)


Started GET "/posts" for 127.0.0.1 at 2018-08-17 12:12:04 +0500
Processing by PostsController#index as HTML
  Rendering posts/index.html.erb within layouts/application
  [1m[36mPost Load (0.0ms)[0m  [1m[34mSELECT "posts".* FROM "posts"[0m
  Rendered collection of posts/_post.html.erb [2 times] (0.0ms)
  Rendered posts/index.html.erb within layouts/application (12.0ms)
Completed 200 OK in 216ms (Views: 204.2ms | ActiveRecord: 1.0ms)


Started GET "/posts/new" for 127.0.0.1 at 2018-08-17 12:16:05 +0500
Processing by PostsController#new as HTML
  Rendering posts/new.html.erb within layouts/application
  Rendered posts/_form.html.erb (17.0ms)
  Rendered posts/new.html.erb within layouts/application (26.0ms)
Completed 200 OK in 233ms (Views: 208.0ms | ActiveRecord: 1.0ms)


Started POST "/posts" for 127.0.0.1 at 2018-08-17 12:16:35 +0500
Processing by PostsController#create as HTML
  Parameters: {"utf8"=>"✓", "authenticity_token"=>"kDUU3LrJB08dSJHfRKPSjqokDO/u6mwvWZte2gXHzWr4I1xjweC9K7ONdu75uGLenelSyr8UM+SMtAJZMM+YoQ==", "post"=>{"title"=>"3254", "summary"=>"435345", "body"=>"345"}, "commit"=>"Save"}
  [1m[35m (0.0ms)[0m  [1m[36mbegin transaction[0m
  [1m[35mSQL (1.0ms)[0m  [1m[32mINSERT INTO "posts" ("title", "summary", "body", "created_at", "updated_at") VALUES (?, ?, ?, ?, ?)[0m  [["title", "3254"], ["summary", "435345"], ["body", "345"], ["created_at", "2018-08-17 07:16:35.364272"], ["updated_at", "2018-08-17 07:16:35.364272"]]
  [1m[35m (147.0ms)[0m  [1m[36mcommit transaction[0m
Redirected to http://localhost:3000/posts/3
Completed 302 Found in 153ms (ActiveRecord: 148.0ms)


Started GET "/posts/3" for 127.0.0.1 at 2018-08-17 12:16:35 +0500
Processing by PostsController#show as HTML
  Parameters: {"id"=>"3"}
  [1m[36mPost Load (0.0ms)[0m  [1m[34mSELECT  "posts".* FROM "posts" WHERE "posts"."id" = ? LIMIT ?[0m  [["id", 3], ["LIMIT", 1]]
  Rendering posts/show.html.erb within layouts/application
  Rendered posts/show.html.erb within layouts/application (1.0ms)
Completed 200 OK in 211ms (Views: 196.3ms | ActiveRecord: 0.0ms)


Started GET "/posts/3" for 127.0.0.1 at 2018-08-17 12:17:32 +0500
Processing by PostsController#show as HTML
  Parameters: {"id"=>"3"}
  [1m[36mPost Load (0.0ms)[0m  [1m[34mSELECT  "posts".* FROM "posts" WHERE "posts"."id" = ? LIMIT ?[0m  [["id", 3], ["LIMIT", 1]]
  Rendering posts/show.html.erb within layouts/application
  Rendered posts/show.html.erb within layouts/application (1.0ms)
Completed 200 OK in 188ms (Views: 177.8ms | ActiveRecord: 0.0ms)


Started GET "/posts/3" for 127.0.0.1 at 2018-08-17 12:18:04 +0500
Processing by PostsController#show as HTML
  Parameters: {"id"=>"3"}
  [1m[36mPost Load (1.0ms)[0m  [1m[34mSELECT  "posts".* FROM "posts" WHERE "posts"."id" = ? LIMIT ?[0m  [["id", 3], ["LIMIT", 1]]
  Rendering posts/show.html.erb within layouts/application
  Rendered posts/show.html.erb within layouts/application (0.0ms)
Completed 200 OK in 197ms (Views: 185.7ms | ActiveRecord: 1.0ms)


Started GET "/posts/3" for 127.0.0.1 at 2018-08-17 12:18:27 +0500
Processing by PostsController#show as HTML
  Parameters: {"id"=>"3"}
  [1m[36mPost Load (1.0ms)[0m  [1m[34mSELECT  "posts".* FROM "posts" WHERE "posts"."id" = ? LIMIT ?[0m  [["id", 3], ["LIMIT", 1]]
  Rendering posts/show.html.erb within layouts/application
  Rendered posts/show.html.erb within layouts/application (1.0ms)
Completed 200 OK in 202ms (Views: 191.0ms | ActiveRecord: 1.0ms)


Started GET "/posts/3" for 127.0.0.1 at 2018-08-17 12:18:33 +0500
Processing by PostsController#show as HTML
  Parameters: {"id"=>"3"}
  [1m[36mPost Load (0.0ms)[0m  [1m[34mSELECT  "posts".* FROM "posts" WHERE "posts"."id" = ? LIMIT ?[0m  [["id", 3], ["LIMIT", 1]]
  Rendering posts/show.html.erb within layouts/application
  Rendered posts/show.html.erb within layouts/application (1.0ms)
Completed 200 OK in 194ms (Views: 183.4ms | ActiveRecord: 0.0ms)


Started GET "/posts/new" for 127.0.0.1 at 2018-08-17 12:18:34 +0500
Processing by PostsController#new as HTML
  Rendering posts/new.html.erb within layouts/application
  Rendered posts/_form.html.erb (2.0ms)
  Rendered posts/new.html.erb within layouts/application (11.0ms)
Completed 200 OK in 193ms (Views: 183.1ms | ActiveRecord: 0.0ms)


Started POST "/posts" for 127.0.0.1 at 2018-08-17 12:18:37 +0500
Processing by PostsController#create as HTML
  Parameters: {"utf8"=>"✓", "authenticity_token"=>"FyQ2DWQEYK4I4/A96MF/UhYmk+AhY4FaL38pOU2XRH5/Mn6yHy3ayqYmFwxV2s8CIevNxXCd3pH6UHW6eJ8RtQ==", "post"=>{"title"=>"456", "summary"=>"456", "body"=>"456456"}, "commit"=>"Save"}
  [1m[35m (0.0ms)[0m  [1m[36mbegin transaction[0m
  [1m[35mSQL (0.0ms)[0m  [1m[32mINSERT INTO "posts" ("title", "summary", "body", "created_at", "updated_at") VALUES (?, ?, ?, ?, ?)[0m  [["title", "456"], ["summary", "456"], ["body", "456456"], ["created_at", "2018-08-17 07:18:37.174239"], ["updated_at", "2018-08-17 07:18:37.174239"]]
  [1m[35m (137.0ms)[0m  [1m[36mcommit transaction[0m
Redirected to http://localhost:3000/posts/4
Completed 302 Found in 141ms (ActiveRecord: 137.0ms)


Started GET "/posts/4" for 127.0.0.1 at 2018-08-17 12:18:37 +0500
Processing by PostsController#show as HTML
  Parameters: {"id"=>"4"}
  [1m[36mPost Load (0.0ms)[0m  [1m[34mSELECT  "posts".* FROM "posts" WHERE "posts"."id" = ? LIMIT ?[0m  [["id", 4], ["LIMIT", 1]]
  Rendering posts/show.html.erb within layouts/application
  Rendered posts/show.html.erb within layouts/application (1.0ms)
Completed 200 OK in 195ms (Views: 182.1ms | ActiveRecord: 0.0ms)


Started GET "/posts/4" for 127.0.0.1 at 2018-08-17 12:20:26 +0500
Processing by PostsController#show as HTML
  Parameters: {"id"=>"4"}
  [1m[36mPost Load (0.0ms)[0m  [1m[34mSELECT  "posts".* FROM "posts" WHERE "posts"."id" = ? LIMIT ?[0m  [["id", 4], ["LIMIT", 1]]
  Rendering posts/show.html.erb within layouts/application
  Rendered posts/show.html.erb within layouts/application (1.0ms)
Completed 200 OK in 211ms (Views: 188.2ms | ActiveRecord: 2.0ms)


Started GET "/posts/new" for 127.0.0.1 at 2018-08-17 12:20:28 +0500
Processing by PostsController#new as HTML
  Rendering posts/new.html.erb within layouts/application
  Rendered posts/_form.html.erb (2.0ms)
  Rendered posts/new.html.erb within layouts/application (12.0ms)
Completed 200 OK in 202ms (Views: 192.2ms | ActiveRecord: 0.0ms)


Started POST "/posts" for 127.0.0.1 at 2018-08-17 12:20:31 +0500
Processing by PostsController#create as HTML
  Parameters: {"utf8"=>"✓", "authenticity_token"=>"oRgepiOpjvidIA826EWJOZU3GK5MLjVObPwSvUNdHPvJDlYZWIA0nDPl6AdVXjlpovpGix3QaoW5004+dlVJMA==", "post"=>{"title"=>"567567", "summary"=>"567", "body"=>"567"}, "commit"=>"Save"}
  [1m[35m (0.0ms)[0m  [1m[36mbegin transaction[0m
  [1m[35mSQL (0.0ms)[0m  [1m[32mINSERT INTO "posts" ("title", "summary", "body", "created_at", "updated_at") VALUES (?, ?, ?, ?, ?)[0m  [["title", "567567"], ["summary", "567"], ["body", "567"], ["created_at", "2018-08-17 07:20:31.180760"], ["updated_at", "2018-08-17 07:20:31.180760"]]
  [1m[35m (150.0ms)[0m  [1m[36mcommit transaction[0m
Redirected to http://localhost:3000/posts/5
Completed 302 Found in 153ms (ActiveRecord: 150.0ms)


Started GET "/posts/5" for 127.0.0.1 at 2018-08-17 12:20:31 +0500
Processing by PostsController#show as HTML
  Parameters: {"id"=>"5"}
  [1m[36mPost Load (0.0ms)[0m  [1m[34mSELECT  "posts".* FROM "posts" WHERE "posts"."id" = ? LIMIT ?[0m  [["id", 5], ["LIMIT", 1]]
  Rendering posts/show.html.erb within layouts/application
  Rendered posts/show.html.erb within layouts/application (1.0ms)
Completed 200 OK in 189ms (Views: 178.6ms | ActiveRecord: 0.0ms)


Started GET "/posts/5" for 127.0.0.1 at 2018-08-17 12:20:33 +0500
Processing by PostsController#show as HTML
  Parameters: {"id"=>"5"}
  [1m[36mPost Load (0.0ms)[0m  [1m[34mSELECT  "posts".* FROM "posts" WHERE "posts"."id" = ? LIMIT ?[0m  [["id", 5], ["LIMIT", 1]]
  Rendering posts/show.html.erb within layouts/application
  Rendered posts/show.html.erb within layouts/application (1.0ms)
Completed 200 OK in 197ms (Views: 184.9ms | ActiveRecord: 0.0ms)


Started GET "/posts/5" for 127.0.0.1 at 2018-08-17 12:20:34 +0500
Processing by PostsController#show as HTML
  Parameters: {"id"=>"5"}
  [1m[36mPost Load (0.0ms)[0m  [1m[34mSELECT  "posts".* FROM "posts" WHERE "posts"."id" = ? LIMIT ?[0m  [["id", 5], ["LIMIT", 1]]
  Rendering posts/show.html.erb within layouts/application
  Rendered posts/show.html.erb within layouts/application (1.0ms)
Completed 200 OK in 202ms (Views: 190.3ms | ActiveRecord: 0.0ms)


Started GET "/posts/new" for 127.0.0.1 at 2018-08-17 12:21:02 +0500
Processing by PostsController#new as HTML
  Rendering posts/new.html.erb within layouts/application
  Rendered posts/_form.html.erb (2.0ms)
  Rendered posts/new.html.erb within layouts/application (12.0ms)
Completed 200 OK in 210ms (Views: 200.1ms | ActiveRecord: 0.0ms)


Started POST "/posts" for 127.0.0.1 at 2018-08-17 12:21:04 +0500
Processing by PostsController#create as HTML
  Parameters: {"utf8"=>"✓", "authenticity_token"=>"aJksabU4R5rLMpx3NZ0NkyA3hetxswOAdon0LKbN+O4Aj2TWzhH9/mX3e0aIhr3DF/rbziBNXEujpqivk8WtJQ==", "post"=>{"title"=>"ghj", "summary"=>"ghj", "body"=>"ghj"}, "commit"=>"Save"}
  [1m[35m (0.0ms)[0m  [1m[36mbegin transaction[0m
  [1m[35mSQL (1.0ms)[0m  [1m[32mINSERT INTO "posts" ("title", "summary", "body", "created_at", "updated_at") VALUES (?, ?, ?, ?, ?)[0m  [["title", "ghj"], ["summary", "ghj"], ["body", "ghj"], ["created_at", "2018-08-17 07:21:04.801683"], ["updated_at", "2018-08-17 07:21:04.801683"]]
  [1m[35m (130.0ms)[0m  [1m[36mcommit transaction[0m
Redirected to http://localhost:3000/posts/6
Completed 302 Found in 135ms (ActiveRecord: 131.0ms)


Started GET "/posts/6" for 127.0.0.1 at 2018-08-17 12:21:04 +0500
Processing by PostsController#show as HTML
  Parameters: {"id"=>"6"}
  [1m[36mPost Load (1.0ms)[0m  [1m[34mSELECT  "posts".* FROM "posts" WHERE "posts"."id" = ? LIMIT ?[0m  [["id", 6], ["LIMIT", 1]]
  Rendering posts/show.html.erb within layouts/application
  Rendered posts/show.html.erb within layouts/application (1.0ms)
Completed 200 OK in 200ms (Views: 188.5ms | ActiveRecord: 1.0ms)


Started GET "/posts" for 127.0.0.1 at 2018-08-17 12:21:06 +0500
Processing by PostsController#index as HTML
  Rendering posts/index.html.erb within layouts/application
  [1m[36mPost Load (0.0ms)[0m  [1m[34mSELECT "posts".* FROM "posts"[0m
  Rendered collection of posts/_post.html.erb [6 times] (2.0ms)
  Rendered posts/index.html.erb within layouts/application (14.0ms)
Completed 200 OK in 205ms (Views: 193.3ms | ActiveRecord: 0.0ms)


Started GET "/posts/5" for 127.0.0.1 at 2018-08-17 12:21:07 +0500
Processing by PostsController#show as HTML
  Parameters: {"id"=>"5"}
  [1m[36mPost Load (1.0ms)[0m  [1m[34mSELECT  "posts".* FROM "posts" WHERE "posts"."id" = ? LIMIT ?[0m  [["id", 5], ["LIMIT", 1]]
  Rendering posts/show.html.erb within layouts/application
  Rendered posts/show.html.erb within layouts/application (0.0ms)
Completed 200 OK in 192ms (Views: 181.2ms | ActiveRecord: 1.0ms)


Started DELETE "/posts/5" for 127.0.0.1 at 2018-08-17 12:21:09 +0500
Processing by PostsController#destroy as HTML
  Parameters: {"authenticity_token"=>"jCSWLBCOEHzpMHeP/lcHi4OeFy5TI/HiwqV6355rEHc5dkM8/Dn6TSXSh3FiDyqjKlpux0PLmj9wRuYX8WnWPg==", "id"=>"5"}
  [1m[36mPost Load (0.0ms)[0m  [1m[34mSELECT  "posts".* FROM "posts" WHERE "posts"."id" = ? LIMIT ?[0m  [["id", 5], ["LIMIT", 1]]
  [1m[35m (1.0ms)[0m  [1m[36mbegin transaction[0m
  [1m[35mSQL (1.0ms)[0m  [1m[31mDELETE FROM "posts" WHERE "posts"."id" = ?[0m  [["id", 5]]
  [1m[35m (101.0ms)[0m  [1m[36mcommit transaction[0m
Redirected to http://localhost:3000/posts
Completed 302 Found in 107ms (ActiveRecord: 103.0ms)


Started GET "/posts" for 127.0.0.1 at 2018-08-17 12:21:10 +0500
Processing by PostsController#index as HTML
  Rendering posts/index.html.erb within layouts/application
  [1m[36mPost Load (1.0ms)[0m  [1m[34mSELECT "posts".* FROM "posts"[0m
  Rendered collection of posts/_post.html.erb [5 times] (1.0ms)
  Rendered posts/index.html.erb within layouts/application (11.0ms)
Completed 200 OK in 202ms (Views: 191.0ms | ActiveRecord: 1.0ms)


Started GET "/posts/6" for 127.0.0.1 at 2018-08-17 12:21:20 +0500
Processing by PostsController#show as HTML
  Parameters: {"id"=>"6"}
  [1m[36mPost Load (0.0ms)[0m  [1m[34mSELECT  "posts".* FROM "posts" WHERE "posts"."id" = ? LIMIT ?[0m  [["id", 6], ["LIMIT", 1]]
  Rendering posts/show.html.erb within layouts/application
  Rendered posts/show.html.erb within layouts/application (1.0ms)
Completed 200 OK in 203ms (Views: 180.1ms | ActiveRecord: 0.0ms)


Started DELETE "/posts/6" for 127.0.0.1 at 2018-08-17 12:21:22 +0500
Processing by PostsController#destroy as HTML
  Parameters: {"authenticity_token"=>"Z9enGcT5GEW4agFb2q8Pob0Dt3U8xIga8ejWPju6BtrShXIJKE7ydHSI8aVG9yKJFMfOnCws48dDC0r2VLjAkw==", "id"=>"6"}
  [1m[36mPost Load (0.0ms)[0m  [1m[34mSELECT  "posts".* FROM "posts" WHERE "posts"."id" = ? LIMIT ?[0m  [["id", 6], ["LIMIT", 1]]
  [1m[35m (0.0ms)[0m  [1m[36mbegin transaction[0m
  [1m[35mSQL (0.0ms)[0m  [1m[31mDELETE FROM "posts" WHERE "posts"."id" = ?[0m  [["id", 6]]
  [1m[35m (129.0ms)[0m  [1m[36mcommit transaction[0m
Redirected to http://localhost:3000/posts
Completed 302 Found in 133ms (ActiveRecord: 129.0ms)


Started GET "/posts" for 127.0.0.1 at 2018-08-17 12:21:22 +0500
Processing by PostsController#index as HTML
  Rendering posts/index.html.erb within layouts/application
  [1m[36mPost Load (1.0ms)[0m  [1m[34mSELECT "posts".* FROM "posts"[0m
  Rendered collection of posts/_post.html.erb [4 times] (1.0ms)
  Rendered posts/index.html.erb within layouts/application (14.0ms)
Completed 200 OK in 216ms (Views: 204.4ms | ActiveRecord: 1.0ms)


Started GET "/posts" for 127.0.0.1 at 2018-08-17 12:21:23 +0500
Processing by PostsController#index as HTML
  Rendering posts/index.html.erb within layouts/application
  [1m[36mPost Load (0.0ms)[0m  [1m[34mSELECT "posts".* FROM "posts"[0m
  Rendered collection of posts/_post.html.erb [4 times] (1.0ms)
  Rendered posts/index.html.erb within layouts/application (13.0ms)
Completed 200 OK in 207ms (Views: 196.7ms | ActiveRecord: 0.0ms)


Started GET "/posts" for 127.0.0.1 at 2018-08-17 12:22:05 +0500
Processing by PostsController#index as HTML
  Rendering posts/index.html.erb within layouts/application
  [1m[36mPost Load (0.0ms)[0m  [1m[34mSELECT "posts".* FROM "posts"[0m
  Rendered collection of posts/_post.html.erb [4 times] (1.0ms)
  Rendered posts/index.html.erb within layouts/application (12.0ms)
Completed 200 OK in 198ms (Views: 187.8ms | ActiveRecord: 0.0ms)


Started GET "/posts" for 127.0.0.1 at 2018-08-17 12:22:06 +0500
Processing by PostsController#index as HTML
  Rendering posts/index.html.erb within layouts/application
  [1m[36mPost Load (0.0ms)[0m  [1m[34mSELECT "posts".* FROM "posts"[0m
  Rendered collection of posts/_post.html.erb [4 times] (1.0ms)
  Rendered posts/index.html.erb within layouts/application (11.0ms)
Completed 200 OK in 205ms (Views: 194.6ms | ActiveRecord: 0.0ms)


Started GET "/posts" for 127.0.0.1 at 2018-08-17 12:22:06 +0500
Processing by PostsController#index as HTML
  Rendering posts/index.html.erb within layouts/application
  [1m[36mPost Load (0.0ms)[0m  [1m[34mSELECT "posts".* FROM "posts"[0m
  Rendered collection of posts/_post.html.erb [4 times] (0.0ms)
  Rendered posts/index.html.erb within layouts/application (15.0ms)
Completed 200 OK in 214ms (Views: 199.8ms | ActiveRecord: 0.0ms)


Started GET "/" for 127.0.0.1 at 2018-08-17 12:22:08 +0500
Processing by PostsController#index as HTML
  Rendering posts/index.html.erb within layouts/application
  [1m[36mPost Load (0.0ms)[0m  [1m[34mSELECT "posts".* FROM "posts"[0m
  Rendered collection of posts/_post.html.erb [4 times] (1.0ms)
  Rendered posts/index.html.erb within layouts/application (11.0ms)
Completed 200 OK in 203ms (Views: 193.2ms | ActiveRecord: 0.0ms)


Started GET "/posts" for 127.0.0.1 at 2018-08-17 12:22:08 +0500
Processing by PostsController#index as HTML
  Rendering posts/index.html.erb within layouts/application
  [1m[36mPost Load (0.0ms)[0m  [1m[34mSELECT "posts".* FROM "posts"[0m
  Rendered collection of posts/_post.html.erb [4 times] (1.0ms)
  Rendered posts/index.html.erb within layouts/application (11.0ms)
Completed 200 OK in 208ms (Views: 198.4ms | ActiveRecord: 0.0ms)


Started GET "/posts" for 127.0.0.1 at 2018-08-17 12:22:08 +0500
Processing by PostsController#index as HTML
  Rendering posts/index.html.erb within layouts/application
  [1m[36mPost Load (0.0ms)[0m  [1m[34mSELECT "posts".* FROM "posts"[0m
  Rendered collection of posts/_post.html.erb [4 times] (1.0ms)
  Rendered posts/index.html.erb within layouts/application (11.0ms)
Completed 200 OK in 209ms (Views: 195.1ms | ActiveRecord: 0.0ms)


Started GET "/posts" for 127.0.0.1 at 2018-08-17 12:22:22 +0500
Processing by PostsController#index as HTML
  Rendering posts/index.html.erb within layouts/application
  [1m[36mPost Load (0.0ms)[0m  [1m[34mSELECT "posts".* FROM "posts"[0m
  Rendered collection of posts/_post.html.erb [4 times] (2.0ms)
  Rendered posts/index.html.erb within layouts/application (12.0ms)
Completed 200 OK in 208ms (Views: 198.3ms | ActiveRecord: 0.0ms)


Started GET "/posts" for 127.0.0.1 at 2018-08-17 12:22:46 +0500
Processing by PostsController#index as HTML
  Rendering posts/index.html.erb within layouts/application
  [1m[36mPost Load (1.0ms)[0m  [1m[34mSELECT "posts".* FROM "posts"[0m
  Rendered collection of posts/_post.html.erb [4 times] (1.0ms)
  Rendered posts/index.html.erb within layouts/application (14.0ms)
Completed 200 OK in 215ms (Views: 204.0ms | ActiveRecord: 1.0ms)


Started GET "/posts" for 127.0.0.1 at 2018-08-17 12:22:53 +0500
Processing by PostsController#index as HTML
  Rendering posts/index.html.erb within layouts/application
  [1m[36mPost Load (1.0ms)[0m  [1m[34mSELECT "posts".* FROM "posts"[0m
  Rendered collection of posts/_post.html.erb [4 times] (1.0ms)
  Rendered posts/index.html.erb within layouts/application (11.0ms)
Completed 200 OK in 207ms (Views: 196.4ms | ActiveRecord: 1.0ms)


Started GET "/posts" for 127.0.0.1 at 2018-08-17 12:23:02 +0500
Processing by PostsController#index as HTML
  Rendering posts/index.html.erb within layouts/application
  [1m[36mPost Load (0.0ms)[0m  [1m[34mSELECT "posts".* FROM "posts"[0m
  Rendered collection of posts/_post.html.erb [4 times] (1.0ms)
  Rendered posts/index.html.erb within layouts/application (11.0ms)
Completed 200 OK in 205ms (Views: 195.9ms | ActiveRecord: 0.0ms)


Started GET "/posts" for 127.0.0.1 at 2018-08-17 12:23:04 +0500
Processing by PostsController#index as HTML
  Rendering posts/index.html.erb within layouts/application
  [1m[36mPost Load (0.0ms)[0m  [1m[34mSELECT "posts".* FROM "posts"[0m
  Rendered collection of posts/_post.html.erb [4 times] (1.0ms)
  Rendered posts/index.html.erb within layouts/application (11.0ms)
Completed 200 OK in 202ms (Views: 191.2ms | ActiveRecord: 0.0ms)


Started GET "/" for 127.0.0.1 at 2018-08-17 12:23:04 +0500
Processing by PostsController#index as HTML
  Rendering posts/index.html.erb within layouts/application
  [1m[36mPost Load (0.0ms)[0m  [1m[34mSELECT "posts".* FROM "posts"[0m
  Rendered collection of posts/_post.html.erb [4 times] (1.0ms)
  Rendered posts/index.html.erb within layouts/application (12.0ms)
Completed 200 OK in 210ms (Views: 200.2ms | ActiveRecord: 0.0ms)


Started GET "/posts" for 127.0.0.1 at 2018-08-17 12:23:05 +0500
Processing by PostsController#index as HTML
  Rendering posts/index.html.erb within layouts/application
  [1m[36mPost Load (0.0ms)[0m  [1m[34mSELECT "posts".* FROM "posts"[0m
  Rendered collection of posts/_post.html.erb [4 times] (1.0ms)
  Rendered posts/index.html.erb within layouts/application (11.0ms)
Completed 200 OK in 201ms (Views: 191.8ms | ActiveRecord: 0.0ms)


Started GET "/posts/1" for 127.0.0.1 at 2018-08-17 12:23:06 +0500
Processing by PostsController#show as HTML
  Parameters: {"id"=>"1"}
  [1m[36mPost Load (0.0ms)[0m  [1m[34mSELECT  "posts".* FROM "posts" WHERE "posts"."id" = ? LIMIT ?[0m  [["id", 1], ["LIMIT", 1]]
  Rendering posts/show.html.erb within layouts/application
  Rendered posts/show.html.erb within layouts/application (1.0ms)
Completed 200 OK in 194ms (Views: 182.2ms | ActiveRecord: 0.0ms)


Started GET "/" for 127.0.0.1 at 2018-08-17 12:23:08 +0500
Processing by PostsController#index as HTML
  Rendering posts/index.html.erb within layouts/application
  [1m[36mPost Load (0.0ms)[0m  [1m[34mSELECT "posts".* FROM "posts"[0m
  Rendered collection of posts/_post.html.erb [4 times] (1.0ms)
  Rendered posts/index.html.erb within layouts/application (11.0ms)
Completed 200 OK in 201ms (Views: 190.9ms | ActiveRecord: 0.0ms)


Started GET "/posts/4" for 127.0.0.1 at 2018-08-17 12:23:14 +0500
Processing by PostsController#show as HTML
  Parameters: {"id"=>"4"}
  [1m[36mPost Load (0.0ms)[0m  [1m[34mSELECT  "posts".* FROM "posts" WHERE "posts"."id" = ? LIMIT ?[0m  [["id", 4], ["LIMIT", 1]]
  Rendering posts/show.html.erb within layouts/application
  Rendered posts/show.html.erb within layouts/application (1.0ms)
Completed 200 OK in 199ms (Views: 188.2ms | ActiveRecord: 0.0ms)


Started DELETE "/posts/4" for 127.0.0.1 at 2018-08-17 12:23:15 +0500
Processing by PostsController#destroy as HTML
  Parameters: {"authenticity_token"=>"MEJYSBLfd559WYMZ7dyBRueM41IQmBBQ6noWnjMNk36FEI1Y/midr7G7c+dxhKxuTkiauwBwe41YmYpWXA9VNw==", "id"=>"4"}
  [1m[36mPost Load (0.0ms)[0m  [1m[34mSELECT  "posts".* FROM "posts" WHERE "posts"."id" = ? LIMIT ?[0m  [["id", 4], ["LIMIT", 1]]
  [1m[35m (0.0ms)[0m  [1m[36mbegin transaction[0m
  [1m[35mSQL (0.0ms)[0m  [1m[31mDELETE FROM "posts" WHERE "posts"."id" = ?[0m  [["id", 4]]
  [1m[35m (80.0ms)[0m  [1m[36mcommit transaction[0m
Redirected to http://localhost:3000/posts
Completed 302 Found in 83ms (ActiveRecord: 80.0ms)


Started GET "/posts" for 127.0.0.1 at 2018-08-17 12:23:16 +0500
Processing by PostsController#index as HTML
  Rendering posts/index.html.erb within layouts/application
  [1m[36mPost Load (0.0ms)[0m  [1m[34mSELECT "posts".* FROM "posts"[0m
  Rendered collection of posts/_post.html.erb [3 times] (1.0ms)
  Rendered posts/index.html.erb within layouts/application (13.0ms)
Completed 200 OK in 209ms (Views: 199.0ms | ActiveRecord: 0.0ms)


Started GET "/" for 127.0.0.1 at 2018-08-17 12:23:17 +0500
Processing by PostsController#index as HTML
  Rendering posts/index.html.erb within layouts/application
  [1m[36mPost Load (0.0ms)[0m  [1m[34mSELECT "posts".* FROM "posts"[0m
  Rendered collection of posts/_post.html.erb [3 times] (0.0ms)
  Rendered posts/index.html.erb within layouts/application (12.0ms)
Completed 200 OK in 202ms (Views: 191.4ms | ActiveRecord: 0.0ms)


Started GET "/posts" for 127.0.0.1 at 2018-08-17 12:55:29 +0500
Processing by PostsController#index as HTML
  Rendering posts/index.html.erb within layouts/application
  [1m[36mPost Load (1.0ms)[0m  [1m[34mSELECT "posts".* FROM "posts"[0m
  Rendered collection of posts/_post.html.erb [3 times] (1.0ms)
  Rendered posts/index.html.erb within layouts/application (12.0ms)
Completed 200 OK in 205ms (Views: 193.6ms | ActiveRecord: 1.0ms)


Started GET "/posts" for 127.0.0.1 at 2018-08-17 12:55:31 +0500
Processing by PostsController#index as HTML
  Rendering posts/index.html.erb within layouts/application
  [1m[36mPost Load (0.0ms)[0m  [1m[34mSELECT "posts".* FROM "posts"[0m
  Rendered collection of posts/_post.html.erb [3 times] (1.0ms)
  Rendered posts/index.html.erb within layouts/application (11.0ms)
Completed 200 OK in 206ms (Views: 196.7ms | ActiveRecord: 0.0ms)


Started GET "/posts" for 127.0.0.1 at 2018-08-17 12:55:32 +0500
Processing by PostsController#index as HTML
  Rendering posts/index.html.erb within layouts/application
  [1m[36mPost Load (0.0ms)[0m  [1m[34mSELECT "posts".* FROM "posts"[0m
  Rendered collection of posts/_post.html.erb [3 times] (1.0ms)
  Rendered posts/index.html.erb within layouts/application (12.0ms)
Completed 200 OK in 194ms (Views: 184.8ms | ActiveRecord: 0.0ms)


Started GET "/posts" for 127.0.0.1 at 2018-08-17 12:55:32 +0500
Processing by PostsController#index as HTML
  Rendering posts/index.html.erb within layouts/application
  [1m[36mPost Load (0.0ms)[0m  [1m[34mSELECT "posts".* FROM "posts"[0m
  Rendered collection of posts/_post.html.erb [3 times] (1.0ms)
  Rendered posts/index.html.erb within layouts/application (11.0ms)
Completed 200 OK in 197ms (Views: 187.3ms | ActiveRecord: 0.0ms)


Started GET "/posts" for 127.0.0.1 at 2018-08-17 12:55:33 +0500
Processing by PostsController#index as HTML
  Rendering posts/index.html.erb within layouts/application
  [1m[36mPost Load (0.0ms)[0m  [1m[34mSELECT "posts".* FROM "posts"[0m
  Rendered collection of posts/_post.html.erb [3 times] (1.0ms)
  Rendered posts/index.html.erb within layouts/application (11.0ms)
Completed 200 OK in 206ms (Views: 195.6ms | ActiveRecord: 0.0ms)


Started GET "/" for 127.0.0.1 at 2018-08-17 12:55:33 +0500
Processing by PostsController#index as HTML
  Rendering posts/index.html.erb within layouts/application
  [1m[36mPost Load (0.0ms)[0m  [1m[34mSELECT "posts".* FROM "posts"[0m
  Rendered collection of posts/_post.html.erb [3 times] (1.0ms)
  Rendered posts/index.html.erb within layouts/application (11.0ms)
Completed 200 OK in 208ms (Views: 197.7ms | ActiveRecord: 0.0ms)


Started GET "/posts" for 127.0.0.1 at 2018-08-17 12:55:34 +0500
Processing by PostsController#index as HTML
  Rendering posts/index.html.erb within layouts/application
  [1m[36mPost Load (0.0ms)[0m  [1m[34mSELECT "posts".* FROM "posts"[0m
  Rendered collection of posts/_post.html.erb [3 times] (1.0ms)
  Rendered posts/index.html.erb within layouts/application (11.0ms)
Completed 200 OK in 195ms (Views: 185.4ms | ActiveRecord: 0.0ms)


Started GET "/" for 127.0.0.1 at 2018-08-17 12:55:35 +0500
Processing by PostsController#index as HTML
  Rendering posts/index.html.erb within layouts/application
  [1m[36mPost Load (0.0ms)[0m  [1m[34mSELECT "posts".* FROM "posts"[0m
  Rendered collection of posts/_post.html.erb [3 times] (1.0ms)
  Rendered posts/index.html.erb within layouts/application (12.0ms)
Completed 200 OK in 203ms (Views: 193.2ms | ActiveRecord: 0.0ms)


Started GET "/" for 127.0.0.1 at 2018-08-17 12:55:36 +0500
Processing by PostsController#index as HTML
  Rendering posts/index.html.erb within layouts/application
  [1m[36mPost Load (0.0ms)[0m  [1m[34mSELECT "posts".* FROM "posts"[0m
  Rendered collection of posts/_post.html.erb [3 times] (2.0ms)
  Rendered posts/index.html.erb within layouts/application (12.0ms)
Completed 200 OK in 205ms (Views: 194.6ms | ActiveRecord: 0.0ms)


Started GET "/posts/1" for 127.0.0.1 at 2018-08-17 14:44:25 +0500
Processing by PostsController#show as HTML
  Parameters: {"id"=>"1"}
  [1m[36mPost Load (0.0ms)[0m  [1m[34mSELECT  "posts".* FROM "posts" WHERE "posts"."id" = ? LIMIT ?[0m  [["id", 1], ["LIMIT", 1]]
  Rendering posts/show.html.erb within layouts/application
  Rendered posts/show.html.erb within layouts/application (1.0ms)
Completed 200 OK in 207ms (Views: 193.1ms | ActiveRecord: 0.0ms)


Started GET "/posts" for 127.0.0.1 at 2018-08-17 14:44:30 +0500
Processing by PostsController#index as HTML
  Rendering posts/index.html.erb within layouts/application
  [1m[36mPost Load (1.0ms)[0m  [1m[34mSELECT "posts".* FROM "posts"[0m
  Rendered collection of posts/_post.html.erb [3 times] (1.0ms)
  Rendered posts/index.html.erb within layouts/application (11.0ms)
Completed 200 OK in 201ms (Views: 190.5ms | ActiveRecord: 1.0ms)


Started GET "/posts/new" for 127.0.0.1 at 2018-08-17 14:44:35 +0500
Processing by PostsController#new as HTML
  Rendering posts/new.html.erb within layouts/application
  Rendered posts/_form.html.erb (2.0ms)
  Rendered posts/new.html.erb within layouts/application (13.0ms)
Completed 200 OK in 208ms (Views: 196.2ms | ActiveRecord: 0.0ms)


Started GET "/posts" for 127.0.0.1 at 2018-08-17 14:44:36 +0500
Processing by PostsController#index as HTML
  Rendering posts/index.html.erb within layouts/application
  [1m[36mPost Load (0.0ms)[0m  [1m[34mSELECT "posts".* FROM "posts"[0m
  Rendered collection of posts/_post.html.erb [3 times] (1.0ms)
  Rendered posts/index.html.erb within layouts/application (11.0ms)
Completed 200 OK in 205ms (Views: 193.4ms | ActiveRecord: 0.0ms)


Started GET "/" for 127.0.0.1 at 2018-08-17 14:44:37 +0500
Processing by PostsController#index as HTML
  Rendering posts/index.html.erb within layouts/application
  [1m[36mPost Load (0.0ms)[0m  [1m[34mSELECT "posts".* FROM "posts"[0m
  Rendered collection of posts/_post.html.erb [3 times] (1.0ms)
  Rendered posts/index.html.erb within layouts/application (11.0ms)
Completed 200 OK in 210ms (Views: 199.9ms | ActiveRecord: 0.0ms)


Started GET "/" for 127.0.0.1 at 2018-08-17 18:07:56 +0500
  [1m[35m (0.0ms)[0m  [1m[34mSELECT "schema_migrations"."version" FROM "schema_migrations" ORDER BY "schema_migrations"."version" ASC[0m
Processing by PostsController#index as HTML
  Rendering posts/index.html.erb within layouts/application
  [1m[36mPost Load (1.0ms)[0m  [1m[34mSELECT "posts".* FROM "posts"[0m
  Rendered collection of posts/_post.html.erb [3 times] (1.0ms)
  Rendered posts/index.html.erb within layouts/application (47.0ms)
Completed 200 OK in 1075ms (Views: 1047.7ms | ActiveRecord: 2.0ms)


Started GET "/posts" for 127.0.0.1 at 2018-08-17 18:08:13 +0500
Processing by PostsController#index as HTML
  Rendering posts/index.html.erb within layouts/application
  [1m[36mPost Load (1.0ms)[0m  [1m[34mSELECT "posts".* FROM "posts"[0m
  Rendered collection of posts/_post.html.erb [3 times] (1.0ms)
  Rendered posts/index.html.erb within layouts/application (13.0ms)
Completed 200 OK in 245ms (Views: 233.1ms | ActiveRecord: 1.0ms)


Started GET "/" for 127.0.0.1 at 2018-08-17 18:08:14 +0500
Processing by PostsController#index as HTML
  Rendering posts/index.html.erb within layouts/application
  [1m[36mPost Load (1.0ms)[0m  [1m[34mSELECT "posts".* FROM "posts"[0m
  Rendered collection of posts/_post.html.erb [3 times] (1.0ms)
  Rendered posts/index.html.erb within layouts/application (12.0ms)
Completed 200 OK in 204ms (Views: 192.3ms | ActiveRecord: 1.0ms)


Started GET "/posts/new" for 127.0.0.1 at 2018-08-17 18:08:15 +0500
Processing by PostsController#new as HTML
  Rendering posts/new.html.erb within layouts/application
  Rendered posts/_form.html.erb (245.0ms)
  Rendered posts/new.html.erb within layouts/application (256.0ms)
Completed 200 OK in 472ms (Views: 460.6ms | ActiveRecord: 0.0ms)


Started GET "/posts" for 127.0.0.1 at 2018-08-17 18:08:17 +0500
Processing by PostsController#index as HTML
  Rendering posts/index.html.erb within layouts/application
  [1m[36mPost Load (0.0ms)[0m  [1m[34mSELECT "posts".* FROM "posts"[0m
  Rendered collection of posts/_post.html.erb [3 times] (1.0ms)
  Rendered posts/index.html.erb within layouts/application (12.0ms)
Completed 200 OK in 206ms (Views: 194.9ms | ActiveRecord: 0.0ms)


Started GET "/" for 127.0.0.1 at 2018-08-17 18:08:17 +0500
Processing by PostsController#index as HTML
  Rendering posts/index.html.erb within layouts/application
  [1m[36mPost Load (0.0ms)[0m  [1m[34mSELECT "posts".* FROM "posts"[0m
  Rendered collection of posts/_post.html.erb [3 times] (0.0ms)
  Rendered posts/index.html.erb within layouts/application (11.0ms)
Completed 200 OK in 259ms (Views: 248.6ms | ActiveRecord: 0.0ms)


Started GET "/posts/1" for 127.0.0.1 at 2018-08-17 18:08:18 +0500
Processing by PostsController#show as HTML
  Parameters: {"id"=>"1"}
  [1m[36mPost Load (1.0ms)[0m  [1m[34mSELECT  "posts".* FROM "posts" WHERE "posts"."id" = ? LIMIT ?[0m  [["id", 1], ["LIMIT", 1]]
  Rendering posts/show.html.erb within layouts/application
  Rendered posts/show.html.erb within layouts/application (1.0ms)
Completed 200 OK in 247ms (Views: 202.9ms | ActiveRecord: 1.0ms)


Started GET "/posts" for 127.0.0.1 at 2018-08-17 18:08:20 +0500
Processing by PostsController#index as HTML
  Rendering posts/index.html.erb within layouts/application
  [1m[36mPost Load (1.0ms)[0m  [1m[34mSELECT "posts".* FROM "posts"[0m
  Rendered collection of posts/_post.html.erb [3 times] (1.0ms)
  Rendered posts/index.html.erb within layouts/application (11.0ms)
Completed 200 OK in 208ms (Views: 196.4ms | ActiveRecord: 1.0ms)


Started GET "/posts/3" for 127.0.0.1 at 2018-08-17 18:08:22 +0500
Processing by PostsController#show as HTML
  Parameters: {"id"=>"3"}
  [1m[36mPost Load (1.0ms)[0m  [1m[34mSELECT  "posts".* FROM "posts" WHERE "posts"."id" = ? LIMIT ?[0m  [["id", 3], ["LIMIT", 1]]
  Rendering posts/show.html.erb within layouts/application
  Rendered posts/show.html.erb within layouts/application (1.0ms)
Completed 200 OK in 197ms (Views: 182.4ms | ActiveRecord: 1.0ms)


Started DELETE "/posts/3" for 127.0.0.1 at 2018-08-17 18:08:24 +0500
Processing by PostsController#destroy as HTML
  Parameters: {"authenticity_token"=>"uVp57vYsMZCnm0S/3uS6XiGmxq/Joy8rQxJJKAukEpYMCKz+GpvboWt5tEFCvJd2iGK/RtlLRPbx8dXgZKbU3w==", "id"=>"3"}
  [1m[36mPost Load (0.0ms)[0m  [1m[34mSELECT  "posts".* FROM "posts" WHERE "posts"."id" = ? LIMIT ?[0m  [["id", 3], ["LIMIT", 1]]
  [1m[35m (0.0ms)[0m  [1m[36mbegin transaction[0m
  [1m[35mSQL (23.0ms)[0m  [1m[31mDELETE FROM "posts" WHERE "posts"."id" = ?[0m  [["id", 3]]
  [1m[35m (211.0ms)[0m  [1m[36mcommit transaction[0m
Redirected to http://localhost:3000/posts
Completed 302 Found in 238ms (ActiveRecord: 234.0ms)


Started GET "/posts" for 127.0.0.1 at 2018-08-17 18:08:24 +0500
Processing by PostsController#index as HTML
  Rendering posts/index.html.erb within layouts/application
  [1m[36mPost Load (1.0ms)[0m  [1m[34mSELECT "posts".* FROM "posts"[0m
  Rendered collection of posts/_post.html.erb [2 times] (0.0ms)
  Rendered posts/index.html.erb within layouts/application (12.0ms)
Completed 200 OK in 231ms (Views: 218.0ms | ActiveRecord: 1.0ms)


Started GET "/" for 127.0.0.1 at 2018-08-17 18:08:26 +0500
Processing by PostsController#index as HTML
  Rendering posts/index.html.erb within layouts/application
  [1m[36mPost Load (0.0ms)[0m  [1m[34mSELECT "posts".* FROM "posts"[0m
  Rendered collection of posts/_post.html.erb [2 times] (1.0ms)
  Rendered posts/index.html.erb within layouts/application (11.0ms)
Completed 200 OK in 210ms (Views: 199.3ms | ActiveRecord: 0.0ms)


